<?xml version="1.0" encoding="UTF-8"?>
<testng-results ignored="0" total="1" passed="1" failed="0" skipped="0">
  <reporter-output>
  </reporter-output>
  <suite started-at="2023-08-23T14:34:08 GMT-06:00" name="Default suite" finished-at="2023-08-23T14:34:37 GMT-06:00" duration-ms="28322">
    <groups>
    </groups>
    <test started-at="2023-08-23T14:34:08 GMT-06:00" name="Default test" finished-at="2023-08-23T14:34:37 GMT-06:00" duration-ms="28322">
      <class name="agilethought.automation.test.MicrosoftTest">
        <test-method is-config="true" signature="BeforeTest()[pri:0, instance:agilethought.automation.test.MicrosoftTest@38af9828]" started-at="2023-08-23T14:34:08 GMT-06:00" name="BeforeTest" finished-at="2023-08-23T14:34:11 GMT-06:00" duration-ms="2737" status="PASS">
          <reporter-output>
          </reporter-output>
        </test-method> <!-- BeforeTest -->
        <test-method signature="Test()[pri:0, instance:agilethought.automation.test.MicrosoftTest@38af9828]" started-at="2023-08-23T14:34:11 GMT-06:00" name="Test" finished-at="2023-08-23T14:34:36 GMT-06:00" duration-ms="25049" status="PASS">
          <reporter-output>
          </reporter-output>
        </test-method> <!-- Test -->
        <test-method is-config="true" signature="AfterTest()[pri:0, instance:agilethought.automation.test.MicrosoftTest@38af9828]" started-at="2023-08-23T14:34:36 GMT-06:00" name="AfterTest" finished-at="2023-08-23T14:34:37 GMT-06:00" duration-ms="505" status="PASS">
          <reporter-output>
          </reporter-output>
        </test-method> <!-- AfterTest -->
      </class> <!-- agilethought.automation.test.MicrosoftTest -->
    </test> <!-- Default test -->
  </suite> <!-- Default suite -->
</testng-results>
